0 info it worked if it ends with ok
1 verbose cli [ '/Users/bob/.nvm/versions/node/v5.7.1/bin/node',
1 verbose cli   '/Users/bob/.nvm/versions/node/v5.7.1/bin/npm',
1 verbose cli   'run',
1 verbose cli   'start_index' ]
2 info using npm@3.8.0
3 info using node@v5.7.1
4 verbose run-script [ 'prestart_index', 'start_index', 'poststart_index' ]
5 info lifecycle node_dash@1.0.0~prestart_index: node_dash@1.0.0
6 silly lifecycle node_dash@1.0.0~prestart_index: no script for prestart_index, continuing
7 info lifecycle node_dash@1.0.0~start_index: node_dash@1.0.0
8 verbose lifecycle node_dash@1.0.0~start_index: unsafe-perm in lifecycle true
9 verbose lifecycle node_dash@1.0.0~start_index: PATH: /Users/bob/.nvm/versions/node/v5.7.1/lib/node_modules/npm/bin/node-gyp-bin:/Users/bob/Documents/code/node_dash/node_modules/.bin:/Users/bob/.nvm/versions/node/v5.7.1/bin:/Users/bob/.rvm/gems/ruby-2.3.0/bin:/Users/bob/.rvm/gems/ruby-2.3.0@global/bin:/Users/bob/.rvm/rubies/ruby-2.3.0/bin:/Users/bob/.nvm/versions/node/v5.7.1/bin:/Users/bob/.gem/ruby/2.2.0/bin:/Users/bob/.rubies/ruby-2.2.0/lib/ruby/gems/2.2.0/bin:/Users/bob/.rubies/ruby-2.2.0/bin:/usr/local/bin:/usr/local/bin:/usr/bin:/bin:/usr/sbin:/sbin:/Users/bob/.local/bin:/Users/bob/.rvm/bin
10 verbose lifecycle node_dash@1.0.0~start_index: CWD: /Users/bob/Documents/code/node_dash
11 silly lifecycle node_dash@1.0.0~start_index: Args: [ '-c', 'babel-node index.js' ]
12 silly lifecycle node_dash@1.0.0~start_index: Returned: code: 1  signal: null
13 info lifecycle node_dash@1.0.0~start_index: Failed to exec start_index script
14 verbose stack Error: node_dash@1.0.0 start_index: `babel-node index.js`
14 verbose stack Exit status 1
14 verbose stack     at EventEmitter.<anonymous> (/Users/bob/.nvm/versions/node/v5.7.1/lib/node_modules/npm/lib/utils/lifecycle.js:239:16)
14 verbose stack     at emitTwo (events.js:100:13)
14 verbose stack     at EventEmitter.emit (events.js:185:7)
14 verbose stack     at ChildProcess.<anonymous> (/Users/bob/.nvm/versions/node/v5.7.1/lib/node_modules/npm/lib/utils/spawn.js:24:14)
14 verbose stack     at emitTwo (events.js:100:13)
14 verbose stack     at ChildProcess.emit (events.js:185:7)
14 verbose stack     at maybeClose (internal/child_process.js:827:16)
14 verbose stack     at Process.ChildProcess._handle.onexit (internal/child_process.js:211:5)
15 verbose pkgid node_dash@1.0.0
16 verbose cwd /Users/bob/Documents/code/node_dash
17 error Darwin 15.4.0
18 error argv "/Users/bob/.nvm/versions/node/v5.7.1/bin/node" "/Users/bob/.nvm/versions/node/v5.7.1/bin/npm" "run" "start_index"
19 error node v5.7.1
20 error npm  v3.8.0
21 error code ELIFECYCLE
22 error node_dash@1.0.0 start_index: `babel-node index.js`
22 error Exit status 1
23 error Failed at the node_dash@1.0.0 start_index script 'babel-node index.js'.
23 error Make sure you have the latest version of node.js and npm installed.
23 error If you do, this is most likely a problem with the node_dash package,
23 error not with npm itself.
23 error Tell the author that this fails on your system:
23 error     babel-node index.js
23 error You can get information on how to open an issue for this project with:
23 error     npm bugs node_dash
23 error Or if that isn't available, you can get their info via:
23 error     npm owner ls node_dash
23 error There is likely additional logging output above.
24 verbose exit [ 1, true ]
